================================================================================
Appcelerator Titanium Diagnostics Build Log
The contents of this file are useful to send to Appcelerator Support if
reporting an issue to help us understand your environment, build settings
and aid in debugging. Please attach this log to any issue that you report.
================================================================================

Starting build at 02/21/12 09:50

Build details:

   timestamp=01/27/12 17:31
   module_apiversion=2
   version=1.8.1
   githash=a24502a


Script arguments:
   /Library/Application Support/Titanium/mobilesdk/osx/1.8.1/iphone/builder.py
   simulator
   4.3
   /Users/alanleard/TiApps/ShopBrag
   com.shopbrag.app
   Shop Brag
   iphone
   iphone
   

Building from: /Library/Application Support/Titanium/mobilesdk/osx/1.8.1/iphone
Platform: Darwin Kernel Version 10.8.0: Tue Jun  7 16:33:36 PDT 2011; root:xnu-1504.15.3~1/RELEASE_I386

Xcode path is: /Developer


githash=a24502a, existing_git_hash=None
forcing rebuild since libhash (None) not matching (086dba02ebf4956989e6555c3d754630)
Performing full rebuild
Generated the following stylecode code:

<?xml version="1.0" encoding="UTF-8"?>
<!DOCTYPE plist PUBLIC "-//Apple//DTD PLIST 1.0//EN" "http://www.apple.com/DTDs/PropertyList-1.0.dtd">
<plist version="1.0">
	<dict>
		<key>classes</key>
		<dict>
</dict>

		<key>classes_density</key>
		<dict>
</dict>

		<key>ids</key>
		<dict>
</dict>

		<key>ids_density</key>
		<dict>
</dict>

		<key>tags</key>
		<dict>
</dict>

		<key>tags_density</key>
		<dict>
</dict>

	</dict>
</plist>
Performing clean build...
Starting Xcode compile with the following arguments:

    xcodebuild
    -target
    Shop Brag
    -configuration
    Debug
    -sdk
    iphonesimulator4.3
    GCC_PREPROCESSOR_DEFINITIONS=__LOG__ID__=e0afe677-4e5d-4086-bc52-590632f29672 DEPLOYTYPE=development TI_DEVELOPMENT=1 DEBUG=1 TI_VERSION=1.8.1  
    IPHONEOS_DEPLOYMENT_TARGET=4.0
    TARGETED_DEVICE_FAMILY=1

app_id = com.shopbrag.app


