Logfile initialized
[INFO] logfile = /Users/alanleard/TiApps/ShopBrag/build.log
[DEBUG] /Library/Application Support/Titanium/mobilesdk/osx/1.9.0.v20120130214634/android/builder.py simulator ShopBrag /Applications/android-sdk-mac_x86 /Users/alanleard/TiApps/ShopBrag com.shopbrag.app 8 WVGA854 
[INFO] Building ShopBrag for Android ... one moment
[INFO] Titanium SDK version: 1.9.0 (01/30/12 21:46 9db4995)
[DEBUG] Waiting for device to be ready ...
[TRACE] adb devices returned 1 devices/emulators
[TRACE] adb devices returned 1 devices/emulators
[TRACE] adb devices returned 1 devices/emulators
[TRACE] adb devices returned 1 devices/emulators
[TRACE] adb devices returned 1 devices/emulators
[TRACE] adb devices returned 1 devices/emulators
[TRACE] adb devices returned 1 devices/emulators
[TRACE] adb devices returned 1 devices/emulators
[TRACE] adb devices returned 1 devices/emulators
[TRACE] adb devices returned 1 devices/emulators
[TRACE] adb devices returned 1 devices/emulators
[INFO] Launching application ... ShopBrag
[TRACE] adb devices returned 1 devices/emulators
[DEBUG] Device connected... (waited 55 seconds)
[DEBUG] waited 55.278487 seconds on emulator to get ready
[INFO] Waiting for the Android Emulator to become available
[TRACE] Launch output: Error type 2
android.util.AndroidException: Can't connect to activity manager; is the system running?

[INFO] Deployed ShopBrag ... Application should be running.
[ERROR] Timed out waiting for android.process.acore
[DEBUG] com.shopbrag.app installed? True
[INFO] Fastdev server running, deploying in Fastdev mode
[INFO] Copying project resources..
[TRACE] COPYING MODIFIED FILE: /Users/alanleard/TiApps/ShopBrag/Resources/app.js => /Users/alanleard/TiApps/ShopBrag/build/android/bin/assets/Resources/app.js
[INFO] Tiapp.xml unchanged, skipping class generation
[DEBUG] Processing Android resource drawables
[DEBUG] found drawable-long-land-hdpi splash screen at /Users/alanleard/TiApps/ShopBrag/Resources/android/images/res-long-land-hdpi/default.png
[DEBUG] found drawable-long-land-ldpi splash screen at /Users/alanleard/TiApps/ShopBrag/Resources/android/images/res-long-land-ldpi/default.png
[DEBUG] found drawable-long-port-hdpi splash screen at /Users/alanleard/TiApps/ShopBrag/Resources/android/images/res-long-port-hdpi/default.png
[DEBUG] found drawable-long-port-ldpi splash screen at /Users/alanleard/TiApps/ShopBrag/Resources/android/images/res-long-port-ldpi/default.png
[DEBUG] found drawable-notlong-land-hdpi splash screen at /Users/alanleard/TiApps/ShopBrag/Resources/android/images/res-notlong-land-hdpi/default.png
[DEBUG] found drawable-notlong-land-ldpi splash screen at /Users/alanleard/TiApps/ShopBrag/Resources/android/images/res-notlong-land-ldpi/default.png
[DEBUG] found drawable-notlong-land-mdpi splash screen at /Users/alanleard/TiApps/ShopBrag/Resources/android/images/res-notlong-land-mdpi/default.png
[DEBUG] found drawable-notlong-port-hdpi splash screen at /Users/alanleard/TiApps/ShopBrag/Resources/android/images/res-notlong-port-hdpi/default.png
[DEBUG] found drawable-notlong-port-ldpi splash screen at /Users/alanleard/TiApps/ShopBrag/Resources/android/images/res-notlong-port-ldpi/default.png
[DEBUG] found drawable-notlong-port-mdpi splash screen at /Users/alanleard/TiApps/ShopBrag/Resources/android/images/res-notlong-port-mdpi/default.png
[INFO] Waiting for SDCard to become available..
[ERROR] Timed out waiting for SDCard to become available (60s)
[INFO] Re-launching application ... ShopBrag
[INFO] Launching application ... ShopBrag
[TRACE] Launch output: Starting: Intent { act=android.intent.action.MAIN cat=[android.intent.category.LAUNCHER] cmp=com.shopbrag.app/.ShopbragActivity }

[DEBUG] signal caught: 15
